<?xml version="1.0" encoding="UTF-8"?>
<!-- Generated by org.testng.reporters.JUnitReportReporter -->
<testsuite hostname="DESKTOP-5JFS7KH" failures="0" tests="1" name="com.juaracoding.appium.TestCalculator" time="3.797" errors="0" timestamp="2022-08-22T21:29:55 WIB" skipped="0">
  <testcase classname="com.juaracoding.appium.TestCalculator" name="testAdd" time="3.797"/>
  <system-out/>
</testsuite> <!-- com.juaracoding.appium.TestCalculator -->
