<?xml version="1.0" encoding="UTF-8"?>
<!-- Generated by org.testng.reporters.JUnitReportReporter -->
<testsuite hostname="DESKTOP-5JFS7KH" failures="0" tests="4" name="com.juaracoding.appium.TestCalculator" time="26.183" errors="0" timestamp="2022-08-23T01:10:31 WIB" skipped="0">
  <testcase classname="com.juaracoding.appium.TestCalculator" name="testDiv" time="6.146"/>
  <system-out/>
  <testcase classname="com.juaracoding.appium.TestCalculator" name="testAdd" time="6.634"/>
  <system-out/>
  <testcase classname="com.juaracoding.appium.TestCalculator" name="testSub" time="6.750"/>
  <system-out/>
  <testcase classname="com.juaracoding.appium.TestCalculator" name="testMul" time="6.653"/>
  <system-out/>
</testsuite> <!-- com.juaracoding.appium.TestCalculator -->
